2021-11-30 11:41:53.731  INFO 12500 --- [main] com.example.loverbe.LoverBeApplication   : Starting LoverBeApplication using Java 1.8.0_311 on CHINHPC with PID 12500 (D:\OneDrive\Chinhpc\CODEGYM\Module6\Lover-BE\build\classes\java\main started by jacks in D:\OneDrive\Chinhpc\CODEGYM\Module6\Lover-BE)
2021-11-30 11:41:53.737  INFO 12500 --- [main] com.example.loverbe.LoverBeApplication   : No active profile set, falling back to default profiles: default
2021-11-30 11:41:55.670  INFO 12500 --- [main] .s.d.r.c.RepositoryConfigurationDelegate : Bootstrapping Spring Data JPA repositories in DEFAULT mode.
2021-11-30 11:41:55.831  INFO 12500 --- [main] .s.d.r.c.RepositoryConfigurationDelegate : Finished Spring Data repository scanning in 135 ms. Found 6 JPA repository interfaces.
2021-11-30 11:41:56.988  INFO 12500 --- [main] o.s.b.w.embedded.tomcat.TomcatWebServer  : Tomcat initialized with port(s): 8080 (http)
2021-11-30 11:41:57.004  INFO 12500 --- [main] o.apache.catalina.core.StandardService   : Starting service [Tomcat]
2021-11-30 11:41:57.005  INFO 12500 --- [main] org.apache.catalina.core.StandardEngine  : Starting Servlet engine: [Apache Tomcat/9.0.55]
2021-11-30 11:41:57.163  INFO 12500 --- [main] o.a.c.c.C.[Tomcat].[localhost].[/]       : Initializing Spring embedded WebApplicationContext
2021-11-30 11:41:57.164  INFO 12500 --- [main] w.s.c.ServletWebServerApplicationContext : Root WebApplicationContext: initialization completed in 3335 ms
2021-11-30 11:41:57.661  INFO 12500 --- [main] com.zaxxer.hikari.HikariDataSource       : HikariPool-1 - Starting...
2021-11-30 11:41:58.891  INFO 12500 --- [main] com.zaxxer.hikari.HikariDataSource       : HikariPool-1 - Start completed.
2021-11-30 11:41:58.975  INFO 12500 --- [main] o.hibernate.jpa.internal.util.LogHelper  : HHH000204: Processing PersistenceUnitInfo [name: default]
2021-11-30 11:41:59.094  INFO 12500 --- [main] org.hibernate.Version                    : HHH000412: Hibernate ORM core version 5.6.1.Final
2021-11-30 11:41:59.449  INFO 12500 --- [main] o.hibernate.annotations.common.Version   : HCANN000001: Hibernate Commons Annotations {5.1.2.Final}
2021-11-30 11:41:59.690  INFO 12500 --- [main] org.hibernate.dialect.Dialect            : HHH000400: Using dialect: org.hibernate.dialect.MySQL5Dialect
2021-11-30 11:42:01.159 DEBUG 12500 --- [main] org.hibernate.SQL                        : 
    
    create table city (
       id bigint not null auto_increment,
        name varchar(255),
        primary key (id)
    ) engine=MyISAM
2021-11-30 11:42:01.209 DEBUG 12500 --- [main] org.hibernate.SQL                        : 
    
    create table feedback (
       id bigint not null auto_increment,
        content varchar(255),
        rating integer not null,
        sent_at date,
        reservation_id bigint,
        primary key (id)
    ) engine=MyISAM
2021-11-30 11:42:01.221 DEBUG 12500 --- [main] org.hibernate.SQL                        : 
    
    create table image (
       id bigint not null auto_increment,
        name varchar(255),
        user_id bigint,
        primary key (id)
    ) engine=MyISAM
2021-11-30 11:42:01.233 DEBUG 12500 --- [main] org.hibernate.SQL                        : 
    
    create table nationality (
       id bigint not null auto_increment,
        name varchar(255),
        primary key (id)
    ) engine=MyISAM
2021-11-30 11:42:01.244 DEBUG 12500 --- [main] org.hibernate.SQL                        : 
    
    create table reservation (
       id bigint not null auto_increment,
        end_at date,
        location varchar(255),
        meeting_date date,
        reserve_at date,
        start_from date,
        status bit,
        rentee_id bigint,
        renter_id bigint,
        primary key (id)
    ) engine=MyISAM
2021-11-30 11:42:01.256 DEBUG 12500 --- [main] org.hibernate.SQL                        : 
    
    create table role (
       id bigint not null auto_increment,
        name varchar(255),
        primary key (id)
    ) engine=MyISAM
2021-11-30 11:42:01.275 DEBUG 12500 --- [main] org.hibernate.SQL                        : 
    
    create table user (
       id bigint not null auto_increment,
        avatar varchar(255),
        bust double precision not null,
        description varchar(255),
        email varchar(255),
        facebook_url varchar(255),
        first_name varchar(255),
        gender varchar(255),
        height double precision not null,
        hips double precision not null,
        joined_at date,
        last_login_at date,
        last_name varchar(255),
        password varchar(255),
        phone varchar(255),
        rented_counter integer not null,
        status varchar(255),
        username varchar(255),
        view_counter integer not null,
        waist double precision not null,
        weight double precision not null,
        year_of_birth bigint,
        city_id bigint,
        nationality_id bigint,
        primary key (id)
    ) engine=MyISAM
2021-11-30 11:42:01.286 DEBUG 12500 --- [main] org.hibernate.SQL                        : 
    
    create table user_role (
       user_id bigint not null,
        role_id bigint not null,
        primary key (user_id, role_id)
    ) engine=MyISAM
2021-11-30 11:42:01.297 DEBUG 12500 --- [main] org.hibernate.SQL                        : 
    
    alter table feedback 
       add constraint FKsjmfrqsfqj98f23ddsbnf4jhy 
       foreign key (reservation_id) 
       references reservation (id)
2021-11-30 11:42:01.343 DEBUG 12500 --- [main] org.hibernate.SQL                        : 
    
    alter table image 
       add constraint FKlxnnh0ir05khn8iu9tgwh1yyk 
       foreign key (user_id) 
       references user (id)
2021-11-30 11:42:01.371 DEBUG 12500 --- [main] org.hibernate.SQL                        : 
    
    alter table reservation 
       add constraint FKrsa3l3fyhlyug3fjmlmgmxxxy 
       foreign key (rentee_id) 
       references user (id)
2021-11-30 11:42:01.409 DEBUG 12500 --- [main] org.hibernate.SQL                        : 
    
    alter table reservation 
       add constraint FKi9tradpy7l2dyg4j52f8dbn3n 
       foreign key (renter_id) 
       references user (id)
2021-11-30 11:42:01.440 DEBUG 12500 --- [main] org.hibernate.SQL                        : 
    
    alter table user 
       add constraint FK29eqyw0gxw5r4f1ommy11nd9i 
       foreign key (city_id) 
       references city (id)
2021-11-30 11:42:01.480 DEBUG 12500 --- [main] org.hibernate.SQL                        : 
    
    alter table user 
       add constraint FKplagps7tcqdonj31pad31fwr2 
       foreign key (nationality_id) 
       references nationality (id)
2021-11-30 11:42:01.515 DEBUG 12500 --- [main] org.hibernate.SQL                        : 
    
    alter table user_role 
       add constraint FKa68196081fvovjhkek5m97n3y 
       foreign key (role_id) 
       references role (id)
2021-11-30 11:42:01.549 DEBUG 12500 --- [main] org.hibernate.SQL                        : 
    
    alter table user_role 
       add constraint FK859n2jvi8ivhui0rl0esws6o 
       foreign key (user_id) 
       references user (id)
2021-11-30 11:42:01.574  INFO 12500 --- [main] o.h.e.t.j.p.i.JtaPlatformInitiator       : HHH000490: Using JtaPlatform implementation: [org.hibernate.engine.transaction.jta.platform.internal.NoJtaPlatform]
2021-11-30 11:42:01.596  INFO 12500 --- [main] j.LocalContainerEntityManagerFactoryBean : Initialized JPA EntityManagerFactory for persistence unit 'default'
2021-11-30 11:42:02.270  WARN 12500 --- [main] JpaBaseConfiguration$JpaWebConfiguration : spring.jpa.open-in-view is enabled by default. Therefore, database queries may be performed during view rendering. Explicitly configure spring.jpa.open-in-view to disable this warning
2021-11-30 11:42:03.354  INFO 12500 --- [main] .s.s.UserDetailsServiceAutoConfiguration : 

Using generated security password: 6625bc3b-6cee-423e-9f63-e8c5d5243e0d

2021-11-30 11:42:03.625  INFO 12500 --- [main] o.s.b.a.e.web.EndpointLinksResolver      : Exposing 1 endpoint(s) beneath base path '/actuator'
2021-11-30 11:42:03.655  INFO 12500 --- [main] o.s.s.web.DefaultSecurityFilterChain     : Will secure any request with [org.springframework.security.web.context.request.async.WebAsyncManagerIntegrationFilter@220a5163, org.springframework.security.web.context.SecurityContextPersistenceFilter@45494046, org.springframework.security.web.header.HeaderWriterFilter@6b8f87dc, org.springframework.web.filter.CorsFilter@6158113e, org.springframework.security.web.csrf.CsrfFilter@7940b729, org.springframework.security.web.authentication.logout.LogoutFilter@156f0281, org.springframework.security.web.authentication.UsernamePasswordAuthenticationFilter@72998021, org.springframework.security.web.authentication.ui.DefaultLoginPageGeneratingFilter@2fbb098f, org.springframework.security.web.authentication.ui.DefaultLogoutPageGeneratingFilter@61375dff, org.springframework.security.web.authentication.www.BasicAuthenticationFilter@28551755, org.springframework.security.web.savedrequest.RequestCacheAwareFilter@4bc4ec43, org.springframework.security.web.servletapi.SecurityContextHolderAwareRequestFilter@6560f387, org.springframework.security.web.authentication.AnonymousAuthenticationFilter@2bfa5678, org.springframework.security.web.session.SessionManagementFilter@4faaff61, org.springframework.security.web.access.ExceptionTranslationFilter@57283fac, org.springframework.security.web.access.intercept.FilterSecurityInterceptor@3333245e]
2021-11-30 11:42:03.813  INFO 12500 --- [main] o.s.b.w.embedded.tomcat.TomcatWebServer  : Tomcat started on port(s): 8080 (http) with context path ''
2021-11-30 11:42:03.833  INFO 12500 --- [main] com.example.loverbe.LoverBeApplication   : Started LoverBeApplication in 10.951 seconds (JVM running for 13.143)
2021-11-30 11:42:05.275  INFO 12500 --- [RMI TCP Connection(3)-192.168.2.106] o.a.c.c.C.[Tomcat].[localhost].[/]       : Initializing Spring DispatcherServlet 'dispatcherServlet'
2021-11-30 11:42:05.275  INFO 12500 --- [RMI TCP Connection(3)-192.168.2.106] o.s.web.servlet.DispatcherServlet        : Initializing Servlet 'dispatcherServlet'
2021-11-30 11:42:05.278  INFO 12500 --- [RMI TCP Connection(3)-192.168.2.106] o.s.web.servlet.DispatcherServlet        : Completed initialization in 2 ms
2021-11-30 13:30:37.995  WARN 12500 --- [HikariPool-1 housekeeper] com.zaxxer.hikari.pool.HikariPool        : HikariPool-1 - Thread starvation or clock leap detected (housekeeper delta=8m37s201ms631µs100ns).
2021-11-30 13:41:46.325  INFO 12500 --- [SpringApplicationShutdownHook] j.LocalContainerEntityManagerFactoryBean : Closing JPA EntityManagerFactory for persistence unit 'default'
2021-11-30 13:41:46.368  INFO 12500 --- [SpringApplicationShutdownHook] com.zaxxer.hikari.HikariDataSource       : HikariPool-1 - Shutdown initiated...
2021-11-30 13:41:46.387  INFO 12500 --- [SpringApplicationShutdownHook] com.zaxxer.hikari.HikariDataSource       : HikariPool-1 - Shutdown completed.
