2021-11-30 13:41:13.236  INFO 5716 --- [main] com.example.loverbe.LoverBeApplication   : Starting LoverBeApplication using Java 1.8.0_201 on DESKTOP-9O0CNNQ with PID 5716 (E:\Spring\Lover-BE\build\classes\java\main started by Laptop88 in E:\Spring\Lover-BE)
2021-11-30 13:41:13.241  INFO 5716 --- [main] com.example.loverbe.LoverBeApplication   : No active profile set, falling back to default profiles: default
2021-11-30 13:41:14.609  INFO 5716 --- [main] .s.d.r.c.RepositoryConfigurationDelegate : Bootstrapping Spring Data JPA repositories in DEFAULT mode.
2021-11-30 13:41:14.689  INFO 5716 --- [main] .s.d.r.c.RepositoryConfigurationDelegate : Finished Spring Data repository scanning in 69 ms. Found 6 JPA repository interfaces.
2021-11-30 13:41:15.235  INFO 5716 --- [main] o.s.b.w.embedded.tomcat.TomcatWebServer  : Tomcat initialized with port(s): 8080 (http)
2021-11-30 13:41:15.259  INFO 5716 --- [main] o.apache.catalina.core.StandardService   : Starting service [Tomcat]
2021-11-30 13:41:15.259  INFO 5716 --- [main] org.apache.catalina.core.StandardEngine  : Starting Servlet engine: [Apache Tomcat/9.0.55]
2021-11-30 13:41:15.349  INFO 5716 --- [main] o.a.c.c.C.[Tomcat].[localhost].[/]       : Initializing Spring embedded WebApplicationContext
2021-11-30 13:41:15.350  INFO 5716 --- [main] w.s.c.ServletWebServerApplicationContext : Root WebApplicationContext: initialization completed in 2051 ms
2021-11-30 13:41:15.559  WARN 5716 --- [main] ConfigServletWebServerApplicationContext : Exception encountered during context initialization - cancelling refresh attempt: org.springframework.beans.factory.UnsatisfiedDependencyException: Error creating bean with name 'dataSourceScriptDatabaseInitializer' defined in class path resource [org/springframework/boot/autoconfigure/sql/init/DataSourceInitializationConfiguration.class]: Unsatisfied dependency expressed through method 'dataSourceScriptDatabaseInitializer' parameter 0; nested exception is org.springframework.beans.factory.BeanCreationException: Error creating bean with name 'dataSource' defined in class path resource [org/springframework/boot/autoconfigure/jdbc/DataSourceConfiguration$Hikari.class]: Bean instantiation via factory method failed; nested exception is org.springframework.beans.BeanInstantiationException: Failed to instantiate [com.zaxxer.hikari.HikariDataSource]: Factory method 'dataSource' threw exception; nested exception is org.springframework.boot.autoconfigure.jdbc.DataSourceProperties$DataSourceBeanCreationException: Failed to determine suitable jdbc url
2021-11-30 13:41:15.563  INFO 5716 --- [main] o.apache.catalina.core.StandardService   : Stopping service [Tomcat]
2021-11-30 13:41:15.658  INFO 5716 --- [main] ConditionEvaluationReportLoggingListener : 

Error starting ApplicationContext. To display the conditions report re-run your application with 'debug' enabled.
2021-11-30 13:41:15.676 ERROR 5716 --- [main] o.s.b.d.LoggingFailureAnalysisReporter   : 

***************************
APPLICATION FAILED TO START
***************************

Description:

Failed to configure a DataSource: 'url' attribute is not specified and no embedded datasource could be configured.

Reason: Failed to determine suitable jdbc url


Action:

Consider the following:
	If you want an embedded database (H2, HSQL or Derby), please put it on the classpath.
	If you have database settings to be loaded from a particular profile you may need to activate it (no profiles are currently active).

2021-11-30 13:43:23.800  INFO 18016 --- [main] com.example.loverbe.LoverBeApplication   : Starting LoverBeApplication using Java 1.8.0_201 on DESKTOP-9O0CNNQ with PID 18016 (E:\Spring\Lover-BE\build\classes\java\main started by Laptop88 in E:\Spring\Lover-BE)
2021-11-30 13:43:23.804  INFO 18016 --- [main] com.example.loverbe.LoverBeApplication   : No active profile set, falling back to default profiles: default
2021-11-30 13:43:24.815  INFO 18016 --- [main] .s.d.r.c.RepositoryConfigurationDelegate : Bootstrapping Spring Data JPA repositories in DEFAULT mode.
2021-11-30 13:43:24.893  INFO 18016 --- [main] .s.d.r.c.RepositoryConfigurationDelegate : Finished Spring Data repository scanning in 67 ms. Found 6 JPA repository interfaces.
2021-11-30 13:43:25.399  INFO 18016 --- [main] o.s.b.w.embedded.tomcat.TomcatWebServer  : Tomcat initialized with port(s): 8080 (http)
2021-11-30 13:43:25.408  INFO 18016 --- [main] o.apache.catalina.core.StandardService   : Starting service [Tomcat]
2021-11-30 13:43:25.408  INFO 18016 --- [main] org.apache.catalina.core.StandardEngine  : Starting Servlet engine: [Apache Tomcat/9.0.55]
2021-11-30 13:43:25.525  INFO 18016 --- [main] o.a.c.c.C.[Tomcat].[localhost].[/]       : Initializing Spring embedded WebApplicationContext
2021-11-30 13:43:25.525  INFO 18016 --- [main] w.s.c.ServletWebServerApplicationContext : Root WebApplicationContext: initialization completed in 1662 ms
2021-11-30 13:43:25.789  WARN 18016 --- [main] ConfigServletWebServerApplicationContext : Exception encountered during context initialization - cancelling refresh attempt: org.springframework.beans.factory.UnsatisfiedDependencyException: Error creating bean with name 'dataSourceScriptDatabaseInitializer' defined in class path resource [org/springframework/boot/autoconfigure/sql/init/DataSourceInitializationConfiguration.class]: Unsatisfied dependency expressed through method 'dataSourceScriptDatabaseInitializer' parameter 0; nested exception is org.springframework.beans.factory.BeanCreationException: Error creating bean with name 'dataSource' defined in class path resource [org/springframework/boot/autoconfigure/jdbc/DataSourceConfiguration$Hikari.class]: Bean instantiation via factory method failed; nested exception is org.springframework.beans.BeanInstantiationException: Failed to instantiate [com.zaxxer.hikari.HikariDataSource]: Factory method 'dataSource' threw exception; nested exception is org.springframework.boot.autoconfigure.jdbc.DataSourceProperties$DataSourceBeanCreationException: Failed to determine suitable jdbc url
2021-11-30 13:43:25.792  INFO 18016 --- [main] o.apache.catalina.core.StandardService   : Stopping service [Tomcat]
2021-11-30 13:43:25.809  INFO 18016 --- [main] ConditionEvaluationReportLoggingListener : 

Error starting ApplicationContext. To display the conditions report re-run your application with 'debug' enabled.
2021-11-30 13:43:25.828 ERROR 18016 --- [main] o.s.b.d.LoggingFailureAnalysisReporter   : 

***************************
APPLICATION FAILED TO START
***************************

Description:

Failed to configure a DataSource: 'url' attribute is not specified and no embedded datasource could be configured.

Reason: Failed to determine suitable jdbc url


Action:

Consider the following:
	If you want an embedded database (H2, HSQL or Derby), please put it on the classpath.
	If you have database settings to be loaded from a particular profile you may need to activate it (no profiles are currently active).

2021-11-30 13:44:33.282  INFO 19496 --- [main] com.example.loverbe.LoverBeApplication   : Starting LoverBeApplication using Java 1.8.0_201 on DESKTOP-9O0CNNQ with PID 19496 (E:\Spring\Lover-BE\build\classes\java\main started by Laptop88 in E:\Spring\Lover-BE)
2021-11-30 13:44:33.285  INFO 19496 --- [main] com.example.loverbe.LoverBeApplication   : No active profile set, falling back to default profiles: default
2021-11-30 13:44:34.271  INFO 19496 --- [main] .s.d.r.c.RepositoryConfigurationDelegate : Bootstrapping Spring Data JPA repositories in DEFAULT mode.
2021-11-30 13:44:34.352  INFO 19496 --- [main] .s.d.r.c.RepositoryConfigurationDelegate : Finished Spring Data repository scanning in 69 ms. Found 6 JPA repository interfaces.
2021-11-30 13:44:34.903  INFO 19496 --- [main] o.s.b.w.embedded.tomcat.TomcatWebServer  : Tomcat initialized with port(s): 8080 (http)
2021-11-30 13:44:34.912  INFO 19496 --- [main] o.apache.catalina.core.StandardService   : Starting service [Tomcat]
2021-11-30 13:44:34.913  INFO 19496 --- [main] org.apache.catalina.core.StandardEngine  : Starting Servlet engine: [Apache Tomcat/9.0.55]
2021-11-30 13:44:35.035  INFO 19496 --- [main] o.a.c.c.C.[Tomcat].[localhost].[/]       : Initializing Spring embedded WebApplicationContext
2021-11-30 13:44:35.036  INFO 19496 --- [main] w.s.c.ServletWebServerApplicationContext : Root WebApplicationContext: initialization completed in 1707 ms
2021-11-30 13:44:35.319  WARN 19496 --- [main] ConfigServletWebServerApplicationContext : Exception encountered during context initialization - cancelling refresh attempt: org.springframework.beans.factory.UnsatisfiedDependencyException: Error creating bean with name 'dataSourceScriptDatabaseInitializer' defined in class path resource [org/springframework/boot/autoconfigure/sql/init/DataSourceInitializationConfiguration.class]: Unsatisfied dependency expressed through method 'dataSourceScriptDatabaseInitializer' parameter 0; nested exception is org.springframework.beans.factory.BeanCreationException: Error creating bean with name 'dataSource' defined in class path resource [org/springframework/boot/autoconfigure/jdbc/DataSourceConfiguration$Hikari.class]: Bean instantiation via factory method failed; nested exception is org.springframework.beans.BeanInstantiationException: Failed to instantiate [com.zaxxer.hikari.HikariDataSource]: Factory method 'dataSource' threw exception; nested exception is org.springframework.boot.autoconfigure.jdbc.DataSourceProperties$DataSourceBeanCreationException: Failed to determine suitable jdbc url
2021-11-30 13:44:35.322  INFO 19496 --- [main] o.apache.catalina.core.StandardService   : Stopping service [Tomcat]
2021-11-30 13:44:35.341  INFO 19496 --- [main] ConditionEvaluationReportLoggingListener : 

Error starting ApplicationContext. To display the conditions report re-run your application with 'debug' enabled.
2021-11-30 13:44:35.359 ERROR 19496 --- [main] o.s.b.d.LoggingFailureAnalysisReporter   : 

***************************
APPLICATION FAILED TO START
***************************

Description:

Failed to configure a DataSource: 'url' attribute is not specified and no embedded datasource could be configured.

Reason: Failed to determine suitable jdbc url


Action:

Consider the following:
	If you want an embedded database (H2, HSQL or Derby), please put it on the classpath.
	If you have database settings to be loaded from a particular profile you may need to activate it (no profiles are currently active).

2021-11-30 13:45:11.932  INFO 2060 --- [main] com.example.loverbe.LoverBeApplication   : Starting LoverBeApplication using Java 1.8.0_201 on DESKTOP-9O0CNNQ with PID 2060 (E:\Spring\Lover-BE\build\classes\java\main started by Laptop88 in E:\Spring\Lover-BE)
2021-11-30 13:45:11.936  INFO 2060 --- [main] com.example.loverbe.LoverBeApplication   : No active profile set, falling back to default profiles: default
2021-11-30 13:45:12.924  INFO 2060 --- [main] .s.d.r.c.RepositoryConfigurationDelegate : Bootstrapping Spring Data JPA repositories in DEFAULT mode.
2021-11-30 13:45:13.003  INFO 2060 --- [main] .s.d.r.c.RepositoryConfigurationDelegate : Finished Spring Data repository scanning in 68 ms. Found 6 JPA repository interfaces.
2021-11-30 13:45:13.533  INFO 2060 --- [main] o.s.b.w.embedded.tomcat.TomcatWebServer  : Tomcat initialized with port(s): 8080 (http)
2021-11-30 13:45:13.541  INFO 2060 --- [main] o.apache.catalina.core.StandardService   : Starting service [Tomcat]
2021-11-30 13:45:13.542  INFO 2060 --- [main] org.apache.catalina.core.StandardEngine  : Starting Servlet engine: [Apache Tomcat/9.0.55]
2021-11-30 13:45:13.660  INFO 2060 --- [main] o.a.c.c.C.[Tomcat].[localhost].[/]       : Initializing Spring embedded WebApplicationContext
2021-11-30 13:45:13.660  INFO 2060 --- [main] w.s.c.ServletWebServerApplicationContext : Root WebApplicationContext: initialization completed in 1681 ms
2021-11-30 13:45:13.908  WARN 2060 --- [main] ConfigServletWebServerApplicationContext : Exception encountered during context initialization - cancelling refresh attempt: org.springframework.beans.factory.UnsatisfiedDependencyException: Error creating bean with name 'dataSourceScriptDatabaseInitializer' defined in class path resource [org/springframework/boot/autoconfigure/sql/init/DataSourceInitializationConfiguration.class]: Unsatisfied dependency expressed through method 'dataSourceScriptDatabaseInitializer' parameter 0; nested exception is org.springframework.beans.factory.BeanCreationException: Error creating bean with name 'dataSource' defined in class path resource [org/springframework/boot/autoconfigure/jdbc/DataSourceConfiguration$Hikari.class]: Bean instantiation via factory method failed; nested exception is org.springframework.beans.BeanInstantiationException: Failed to instantiate [com.zaxxer.hikari.HikariDataSource]: Factory method 'dataSource' threw exception; nested exception is org.springframework.boot.autoconfigure.jdbc.DataSourceProperties$DataSourceBeanCreationException: Failed to determine suitable jdbc url
2021-11-30 13:45:13.912  INFO 2060 --- [main] o.apache.catalina.core.StandardService   : Stopping service [Tomcat]
2021-11-30 13:45:13.929  INFO 2060 --- [main] ConditionEvaluationReportLoggingListener : 

Error starting ApplicationContext. To display the conditions report re-run your application with 'debug' enabled.
2021-11-30 13:45:13.945 ERROR 2060 --- [main] o.s.b.d.LoggingFailureAnalysisReporter   : 

***************************
APPLICATION FAILED TO START
***************************

Description:

Failed to configure a DataSource: 'url' attribute is not specified and no embedded datasource could be configured.

Reason: Failed to determine suitable jdbc url


Action:

Consider the following:
	If you want an embedded database (H2, HSQL or Derby), please put it on the classpath.
	If you have database settings to be loaded from a particular profile you may need to activate it (no profiles are currently active).

2021-11-30 13:47:20.866  INFO 11020 --- [main] com.example.loverbe.LoverBeApplication   : Starting LoverBeApplication using Java 1.8.0_201 on DESKTOP-9O0CNNQ with PID 11020 (E:\Spring\Lover-BE\build\classes\java\main started by Laptop88 in E:\Spring\Lover-BE)
2021-11-30 13:47:20.869  INFO 11020 --- [main] com.example.loverbe.LoverBeApplication   : No active profile set, falling back to default profiles: default
2021-11-30 13:47:21.812  INFO 11020 --- [main] .s.d.r.c.RepositoryConfigurationDelegate : Bootstrapping Spring Data JPA repositories in DEFAULT mode.
2021-11-30 13:47:21.884  INFO 11020 --- [main] .s.d.r.c.RepositoryConfigurationDelegate : Finished Spring Data repository scanning in 63 ms. Found 6 JPA repository interfaces.
2021-11-30 13:47:22.393  INFO 11020 --- [main] o.s.b.w.embedded.tomcat.TomcatWebServer  : Tomcat initialized with port(s): 8080 (http)
2021-11-30 13:47:22.401  INFO 11020 --- [main] o.apache.catalina.core.StandardService   : Starting service [Tomcat]
2021-11-30 13:47:22.402  INFO 11020 --- [main] org.apache.catalina.core.StandardEngine  : Starting Servlet engine: [Apache Tomcat/9.0.55]
2021-11-30 13:47:22.505  INFO 11020 --- [main] o.a.c.c.C.[Tomcat].[localhost].[/]       : Initializing Spring embedded WebApplicationContext
2021-11-30 13:47:22.505  INFO 11020 --- [main] w.s.c.ServletWebServerApplicationContext : Root WebApplicationContext: initialization completed in 1585 ms
2021-11-30 13:47:22.826  INFO 11020 --- [main] com.zaxxer.hikari.HikariDataSource       : HikariPool-1 - Starting...
2021-11-30 13:47:23.495  INFO 11020 --- [main] com.zaxxer.hikari.HikariDataSource       : HikariPool-1 - Start completed.
2021-11-30 13:47:23.540  INFO 11020 --- [main] o.hibernate.jpa.internal.util.LogHelper  : HHH000204: Processing PersistenceUnitInfo [name: default]
2021-11-30 13:47:23.595  INFO 11020 --- [main] org.hibernate.Version                    : HHH000412: Hibernate ORM core version 5.6.1.Final
2021-11-30 13:47:23.821  INFO 11020 --- [main] o.hibernate.annotations.common.Version   : HCANN000001: Hibernate Commons Annotations {5.1.2.Final}
2021-11-30 13:47:23.957  INFO 11020 --- [main] org.hibernate.dialect.Dialect            : HHH000400: Using dialect: org.hibernate.dialect.MySQL5Dialect
2021-11-30 13:47:25.017 DEBUG 11020 --- [main] org.hibernate.SQL                        : 
    
    create table city (
       id bigint not null auto_increment,
        name varchar(255),
        primary key (id)
    ) engine=MyISAM
2021-11-30 13:47:25.145 DEBUG 11020 --- [main] org.hibernate.SQL                        : 
    
    create table feedback (
       id bigint not null auto_increment,
        content varchar(255),
        rating integer not null,
        sent_at date,
        reservation_id bigint,
        primary key (id)
    ) engine=MyISAM
2021-11-30 13:47:25.157 DEBUG 11020 --- [main] org.hibernate.SQL                        : 
    
    create table image (
       id bigint not null auto_increment,
        name varchar(255),
        user_id bigint,
        primary key (id)
    ) engine=MyISAM
2021-11-30 13:47:25.170 DEBUG 11020 --- [main] org.hibernate.SQL                        : 
    
    create table nationality (
       id bigint not null auto_increment,
        name varchar(255),
        primary key (id)
    ) engine=MyISAM
2021-11-30 13:47:25.191 DEBUG 11020 --- [main] org.hibernate.SQL                        : 
    
    create table reservation (
       id bigint not null auto_increment,
        end_at date,
        location varchar(255),
        meeting_date date,
        reserve_at date,
        start_from date,
        status bit,
        rentee_id bigint,
        renter_id bigint,
        primary key (id)
    ) engine=MyISAM
2021-11-30 13:47:25.201 DEBUG 11020 --- [main] org.hibernate.SQL                        : 
    
    create table role (
       id bigint not null auto_increment,
        name varchar(255),
        primary key (id)
    ) engine=MyISAM
2021-11-30 13:47:25.214 DEBUG 11020 --- [main] org.hibernate.SQL                        : 
    
    create table user (
       id bigint not null auto_increment,
        avatar varchar(255),
        bust double precision not null,
        description varchar(255),
        email varchar(255),
        facebook_url varchar(255),
        first_name varchar(255),
        gender varchar(255),
        height double precision not null,
        hips double precision not null,
        joined_at date,
        last_login_at date,
        last_name varchar(255),
        password varchar(255),
        phone varchar(255),
        rented_counter integer not null,
        status varchar(255),
        username varchar(255),
        view_counter integer not null,
        waist double precision not null,
        weight double precision not null,
        year_of_birth bigint,
        city_id bigint,
        nationality_id bigint,
        primary key (id)
    ) engine=MyISAM
2021-11-30 13:47:25.226 DEBUG 11020 --- [main] org.hibernate.SQL                        : 
    
    create table user_role (
       user_id bigint not null,
        role_id bigint not null,
        primary key (user_id, role_id)
    ) engine=MyISAM
2021-11-30 13:47:25.239 DEBUG 11020 --- [main] org.hibernate.SQL                        : 
    
    alter table feedback 
       add constraint FKsjmfrqsfqj98f23ddsbnf4jhy 
       foreign key (reservation_id) 
       references reservation (id)
2021-11-30 13:47:25.294 DEBUG 11020 --- [main] org.hibernate.SQL                        : 
    
    alter table image 
       add constraint FKlxnnh0ir05khn8iu9tgwh1yyk 
       foreign key (user_id) 
       references user (id)
2021-11-30 13:47:25.334 DEBUG 11020 --- [main] org.hibernate.SQL                        : 
    
    alter table reservation 
       add constraint FKrsa3l3fyhlyug3fjmlmgmxxxy 
       foreign key (rentee_id) 
       references user (id)
2021-11-30 13:47:25.373 DEBUG 11020 --- [main] org.hibernate.SQL                        : 
    
    alter table reservation 
       add constraint FKi9tradpy7l2dyg4j52f8dbn3n 
       foreign key (renter_id) 
       references user (id)
2021-11-30 13:47:25.403 DEBUG 11020 --- [main] org.hibernate.SQL                        : 
    
    alter table user 
       add constraint FK29eqyw0gxw5r4f1ommy11nd9i 
       foreign key (city_id) 
       references city (id)
2021-11-30 13:47:25.439 DEBUG 11020 --- [main] org.hibernate.SQL                        : 
    
    alter table user 
       add constraint FKplagps7tcqdonj31pad31fwr2 
       foreign key (nationality_id) 
       references nationality (id)
2021-11-30 13:47:25.474 DEBUG 11020 --- [main] org.hibernate.SQL                        : 
    
    alter table user_role 
       add constraint FKa68196081fvovjhkek5m97n3y 
       foreign key (role_id) 
       references role (id)
2021-11-30 13:47:25.506 DEBUG 11020 --- [main] org.hibernate.SQL                        : 
    
    alter table user_role 
       add constraint FK859n2jvi8ivhui0rl0esws6o 
       foreign key (user_id) 
       references user (id)
2021-11-30 13:47:25.531  INFO 11020 --- [main] o.h.e.t.j.p.i.JtaPlatformInitiator       : HHH000490: Using JtaPlatform implementation: [org.hibernate.engine.transaction.jta.platform.internal.NoJtaPlatform]
2021-11-30 13:47:25.544  INFO 11020 --- [main] j.LocalContainerEntityManagerFactoryBean : Initialized JPA EntityManagerFactory for persistence unit 'default'
2021-11-30 13:47:26.002  WARN 11020 --- [main] JpaBaseConfiguration$JpaWebConfiguration : spring.jpa.open-in-view is enabled by default. Therefore, database queries may be performed during view rendering. Explicitly configure spring.jpa.open-in-view to disable this warning
2021-11-30 13:47:26.772  INFO 11020 --- [main] .s.s.UserDetailsServiceAutoConfiguration : 

Using generated security password: cdf66955-fc05-470b-8216-93de9ce09c25

2021-11-30 13:47:26.913  INFO 11020 --- [main] o.s.b.a.e.web.EndpointLinksResolver      : Exposing 1 endpoint(s) beneath base path '/actuator'
2021-11-30 13:47:26.928  INFO 11020 --- [main] o.s.s.web.DefaultSecurityFilterChain     : Will secure any request with [org.springframework.security.web.context.request.async.WebAsyncManagerIntegrationFilter@7095b688, org.springframework.security.web.context.SecurityContextPersistenceFilter@1e366f0f, org.springframework.security.web.header.HeaderWriterFilter@310cc4d, org.springframework.web.filter.CorsFilter@7c919e1e, org.springframework.security.web.csrf.CsrfFilter@71c91121, org.springframework.security.web.authentication.logout.LogoutFilter@5cb6b81b, org.springframework.security.web.authentication.UsernamePasswordAuthenticationFilter@329aa2d1, org.springframework.security.web.authentication.ui.DefaultLoginPageGeneratingFilter@5519ef7d, org.springframework.security.web.authentication.ui.DefaultLogoutPageGeneratingFilter@bddac1c, org.springframework.security.web.authentication.www.BasicAuthenticationFilter@e0f2686, org.springframework.security.web.savedrequest.RequestCacheAwareFilter@4e68aede, org.springframework.security.web.servletapi.SecurityContextHolderAwareRequestFilter@586b78d7, org.springframework.security.web.authentication.AnonymousAuthenticationFilter@1c7fd2e0, org.springframework.security.web.session.SessionManagementFilter@4a1c14a6, org.springframework.security.web.access.ExceptionTranslationFilter@531292ed, org.springframework.security.web.access.intercept.FilterSecurityInterceptor@81cd90e]
2021-11-30 13:47:27.036  INFO 11020 --- [main] o.s.b.w.embedded.tomcat.TomcatWebServer  : Tomcat started on port(s): 8080 (http) with context path ''
2021-11-30 13:47:27.051  INFO 11020 --- [main] com.example.loverbe.LoverBeApplication   : Started LoverBeApplication in 6.641 seconds (JVM running for 7.581)
2021-11-30 13:47:27.305  INFO 11020 --- [RMI TCP Connection(1)-26.181.242.227] o.a.c.c.C.[Tomcat].[localhost].[/]       : Initializing Spring DispatcherServlet 'dispatcherServlet'
2021-11-30 13:47:27.305  INFO 11020 --- [RMI TCP Connection(1)-26.181.242.227] o.s.web.servlet.DispatcherServlet        : Initializing Servlet 'dispatcherServlet'
2021-11-30 13:47:27.308  INFO 11020 --- [RMI TCP Connection(1)-26.181.242.227] o.s.web.servlet.DispatcherServlet        : Completed initialization in 2 ms
2021-11-30 13:51:49.495  INFO 11020 --- [SpringApplicationShutdownHook] j.LocalContainerEntityManagerFactoryBean : Closing JPA EntityManagerFactory for persistence unit 'default'
2021-11-30 13:51:49.500  INFO 11020 --- [SpringApplicationShutdownHook] com.zaxxer.hikari.HikariDataSource       : HikariPool-1 - Shutdown initiated...
2021-11-30 13:51:49.504  INFO 11020 --- [SpringApplicationShutdownHook] com.zaxxer.hikari.HikariDataSource       : HikariPool-1 - Shutdown completed.
2021-11-30 13:51:54.987  INFO 18712 --- [main] com.example.loverbe.LoverBeApplication   : Starting LoverBeApplication using Java 1.8.0_201 on DESKTOP-9O0CNNQ with PID 18712 (E:\Spring\Lover-BE\build\classes\java\main started by Laptop88 in E:\Spring\Lover-BE)
2021-11-30 13:51:54.991  INFO 18712 --- [main] com.example.loverbe.LoverBeApplication   : No active profile set, falling back to default profiles: default
2021-11-30 13:51:55.930  INFO 18712 --- [main] .s.d.r.c.RepositoryConfigurationDelegate : Bootstrapping Spring Data JPA repositories in DEFAULT mode.
2021-11-30 13:51:56.004  INFO 18712 --- [main] .s.d.r.c.RepositoryConfigurationDelegate : Finished Spring Data repository scanning in 65 ms. Found 6 JPA repository interfaces.
2021-11-30 13:51:56.528  INFO 18712 --- [main] o.s.b.w.embedded.tomcat.TomcatWebServer  : Tomcat initialized with port(s): 8080 (http)
2021-11-30 13:51:56.536  INFO 18712 --- [main] o.apache.catalina.core.StandardService   : Starting service [Tomcat]
2021-11-30 13:51:56.537  INFO 18712 --- [main] org.apache.catalina.core.StandardEngine  : Starting Servlet engine: [Apache Tomcat/9.0.55]
2021-11-30 13:51:56.652  INFO 18712 --- [main] o.a.c.c.C.[Tomcat].[localhost].[/]       : Initializing Spring embedded WebApplicationContext
2021-11-30 13:51:56.653  INFO 18712 --- [main] w.s.c.ServletWebServerApplicationContext : Root WebApplicationContext: initialization completed in 1612 ms
2021-11-30 13:51:56.933  INFO 18712 --- [main] com.zaxxer.hikari.HikariDataSource       : HikariPool-1 - Starting...
2021-11-30 13:51:57.522  INFO 18712 --- [main] com.zaxxer.hikari.HikariDataSource       : HikariPool-1 - Start completed.
2021-11-30 13:51:57.563  INFO 18712 --- [main] o.hibernate.jpa.internal.util.LogHelper  : HHH000204: Processing PersistenceUnitInfo [name: default]
2021-11-30 13:51:57.622  INFO 18712 --- [main] org.hibernate.Version                    : HHH000412: Hibernate ORM core version 5.6.1.Final
2021-11-30 13:51:57.818  INFO 18712 --- [main] o.hibernate.annotations.common.Version   : HCANN000001: Hibernate Commons Annotations {5.1.2.Final}
2021-11-30 13:51:57.940  INFO 18712 --- [main] org.hibernate.dialect.Dialect            : HHH000400: Using dialect: org.hibernate.dialect.MySQL5Dialect
2021-11-30 13:51:58.790 DEBUG 18712 --- [main] org.hibernate.SQL                        : 
    
    alter table feedback 
       add constraint FKsjmfrqsfqj98f23ddsbnf4jhy 
       foreign key (reservation_id) 
       references reservation (id)
2021-11-30 13:51:58.834 DEBUG 18712 --- [main] org.hibernate.SQL                        : 
    
    alter table image 
       add constraint FKlxnnh0ir05khn8iu9tgwh1yyk 
       foreign key (user_id) 
       references user (id)
2021-11-30 13:51:58.877 DEBUG 18712 --- [main] org.hibernate.SQL                        : 
    
    alter table reservation 
       add constraint FKrsa3l3fyhlyug3fjmlmgmxxxy 
       foreign key (rentee_id) 
       references user (id)
2021-11-30 13:51:58.917 DEBUG 18712 --- [main] org.hibernate.SQL                        : 
    
    alter table reservation 
       add constraint FKi9tradpy7l2dyg4j52f8dbn3n 
       foreign key (renter_id) 
       references user (id)
2021-11-30 13:51:58.955 DEBUG 18712 --- [main] org.hibernate.SQL                        : 
    
    alter table user 
       add constraint FK29eqyw0gxw5r4f1ommy11nd9i 
       foreign key (city_id) 
       references city (id)
2021-11-30 13:51:59.002 DEBUG 18712 --- [main] org.hibernate.SQL                        : 
    
    alter table user 
       add constraint FKplagps7tcqdonj31pad31fwr2 
       foreign key (nationality_id) 
       references nationality (id)
2021-11-30 13:51:59.046 DEBUG 18712 --- [main] org.hibernate.SQL                        : 
    
    alter table user_role 
       add constraint FKa68196081fvovjhkek5m97n3y 
       foreign key (role_id) 
       references role (id)
2021-11-30 13:51:59.089 DEBUG 18712 --- [main] org.hibernate.SQL                        : 
    
    alter table user_role 
       add constraint FK859n2jvi8ivhui0rl0esws6o 
       foreign key (user_id) 
       references user (id)
2021-11-30 13:51:59.113  INFO 18712 --- [main] o.h.e.t.j.p.i.JtaPlatformInitiator       : HHH000490: Using JtaPlatform implementation: [org.hibernate.engine.transaction.jta.platform.internal.NoJtaPlatform]
2021-11-30 13:51:59.126  INFO 18712 --- [main] j.LocalContainerEntityManagerFactoryBean : Initialized JPA EntityManagerFactory for persistence unit 'default'
2021-11-30 13:51:59.568  WARN 18712 --- [main] JpaBaseConfiguration$JpaWebConfiguration : spring.jpa.open-in-view is enabled by default. Therefore, database queries may be performed during view rendering. Explicitly configure spring.jpa.open-in-view to disable this warning
2021-11-30 13:52:00.287  INFO 18712 --- [main] .s.s.UserDetailsServiceAutoConfiguration : 

Using generated security password: a387541c-cc48-413c-8ab0-ca48f8e6a437

2021-11-30 13:52:00.421  INFO 18712 --- [main] o.s.b.a.e.web.EndpointLinksResolver      : Exposing 1 endpoint(s) beneath base path '/actuator'
2021-11-30 13:52:00.437  INFO 18712 --- [main] o.s.s.web.DefaultSecurityFilterChain     : Will secure any request with [org.springframework.security.web.context.request.async.WebAsyncManagerIntegrationFilter@215f8d7, org.springframework.security.web.context.SecurityContextPersistenceFilter@744673f3, org.springframework.security.web.header.HeaderWriterFilter@5dd12c19, org.springframework.web.filter.CorsFilter@69d2c460, org.springframework.security.web.csrf.CsrfFilter@69c6e5, org.springframework.security.web.authentication.logout.LogoutFilter@44a0e68f, org.springframework.security.web.authentication.UsernamePasswordAuthenticationFilter@702432cc, org.springframework.security.web.authentication.ui.DefaultLoginPageGeneratingFilter@344769b9, org.springframework.security.web.authentication.ui.DefaultLogoutPageGeneratingFilter@34a99d8, org.springframework.security.web.authentication.www.BasicAuthenticationFilter@73633230, org.springframework.security.web.savedrequest.RequestCacheAwareFilter@553d828a, org.springframework.security.web.servletapi.SecurityContextHolderAwareRequestFilter@6cb759d5, org.springframework.security.web.authentication.AnonymousAuthenticationFilter@3e984100, org.springframework.security.web.session.SessionManagementFilter@3ce2c5f6, org.springframework.security.web.access.ExceptionTranslationFilter@345d641e, org.springframework.security.web.access.intercept.FilterSecurityInterceptor@2267b0bb]
2021-11-30 13:52:00.532  INFO 18712 --- [main] o.s.b.w.embedded.tomcat.TomcatWebServer  : Tomcat started on port(s): 8080 (http) with context path ''
2021-11-30 13:52:00.547  INFO 18712 --- [main] com.example.loverbe.LoverBeApplication   : Started LoverBeApplication in 6.026 seconds (JVM running for 7.09)
2021-11-30 13:52:00.965  INFO 18712 --- [RMI TCP Connection(2)-26.181.242.227] o.a.c.c.C.[Tomcat].[localhost].[/]       : Initializing Spring DispatcherServlet 'dispatcherServlet'
2021-11-30 13:52:00.966  INFO 18712 --- [RMI TCP Connection(2)-26.181.242.227] o.s.web.servlet.DispatcherServlet        : Initializing Servlet 'dispatcherServlet'
2021-11-30 13:52:00.967  INFO 18712 --- [RMI TCP Connection(2)-26.181.242.227] o.s.web.servlet.DispatcherServlet        : Completed initialization in 1 ms
2021-11-30 14:07:13.553  INFO 18712 --- [SpringApplicationShutdownHook] j.LocalContainerEntityManagerFactoryBean : Closing JPA EntityManagerFactory for persistence unit 'default'
2021-11-30 14:07:13.569  INFO 18712 --- [SpringApplicationShutdownHook] com.zaxxer.hikari.HikariDataSource       : HikariPool-1 - Shutdown initiated...
2021-11-30 14:07:13.579  INFO 18712 --- [SpringApplicationShutdownHook] com.zaxxer.hikari.HikariDataSource       : HikariPool-1 - Shutdown completed.
2021-11-30 14:07:18.568  INFO 19728 --- [main] com.example.loverbe.LoverBeApplication   : Starting LoverBeApplication using Java 1.8.0_201 on DESKTOP-9O0CNNQ with PID 19728 (E:\Spring\Lover-BE\build\classes\java\main started by Laptop88 in E:\Spring\Lover-BE)
2021-11-30 14:07:18.572  INFO 19728 --- [main] com.example.loverbe.LoverBeApplication   : No active profile set, falling back to default profiles: default
2021-11-30 14:07:19.545  INFO 19728 --- [main] .s.d.r.c.RepositoryConfigurationDelegate : Bootstrapping Spring Data JPA repositories in DEFAULT mode.
2021-11-30 14:07:19.626  INFO 19728 --- [main] .s.d.r.c.RepositoryConfigurationDelegate : Finished Spring Data repository scanning in 71 ms. Found 7 JPA repository interfaces.
2021-11-30 14:07:20.154  INFO 19728 --- [main] o.s.b.w.embedded.tomcat.TomcatWebServer  : Tomcat initialized with port(s): 8080 (http)
2021-11-30 14:07:20.162  INFO 19728 --- [main] o.apache.catalina.core.StandardService   : Starting service [Tomcat]
2021-11-30 14:07:20.163  INFO 19728 --- [main] org.apache.catalina.core.StandardEngine  : Starting Servlet engine: [Apache Tomcat/9.0.55]
2021-11-30 14:07:20.268  INFO 19728 --- [main] o.a.c.c.C.[Tomcat].[localhost].[/]       : Initializing Spring embedded WebApplicationContext
2021-11-30 14:07:20.269  INFO 19728 --- [main] w.s.c.ServletWebServerApplicationContext : Root WebApplicationContext: initialization completed in 1653 ms
2021-11-30 14:07:20.528  WARN 19728 --- [main] JpaBaseConfiguration$JpaWebConfiguration : spring.jpa.open-in-view is enabled by default. Therefore, database queries may be performed during view rendering. Explicitly configure spring.jpa.open-in-view to disable this warning
2021-11-30 14:07:20.581  INFO 19728 --- [main] com.zaxxer.hikari.HikariDataSource       : HikariPool-1 - Starting...
2021-11-30 14:07:21.180  INFO 19728 --- [main] com.zaxxer.hikari.HikariDataSource       : HikariPool-1 - Start completed.
2021-11-30 14:07:21.227  INFO 19728 --- [main] o.hibernate.jpa.internal.util.LogHelper  : HHH000204: Processing PersistenceUnitInfo [name: default]
2021-11-30 14:07:21.286  INFO 19728 --- [main] org.hibernate.Version                    : HHH000412: Hibernate ORM core version 5.6.1.Final
2021-11-30 14:07:21.486  INFO 19728 --- [main] o.hibernate.annotations.common.Version   : HCANN000001: Hibernate Commons Annotations {5.1.2.Final}
2021-11-30 14:07:21.608  INFO 19728 --- [main] org.hibernate.dialect.Dialect            : HHH000400: Using dialect: org.hibernate.dialect.MySQL5Dialect
2021-11-30 14:07:22.526 DEBUG 19728 --- [main] org.hibernate.SQL                        : 
    
    create table service (
       id bigint not null auto_increment,
        description varchar(255),
        name varchar(255),
        primary key (id)
    ) engine=MyISAM
2021-11-30 14:07:22.555 DEBUG 19728 --- [main] org.hibernate.SQL                        : 
    
    alter table feedback 
       add constraint FKsjmfrqsfqj98f23ddsbnf4jhy 
       foreign key (reservation_id) 
       references reservation (id)
2021-11-30 14:07:22.603 DEBUG 19728 --- [main] org.hibernate.SQL                        : 
    
    alter table image 
       add constraint FKlxnnh0ir05khn8iu9tgwh1yyk 
       foreign key (user_id) 
       references user (id)
2021-11-30 14:07:22.643 DEBUG 19728 --- [main] org.hibernate.SQL                        : 
    
    alter table reservation 
       add constraint FKrsa3l3fyhlyug3fjmlmgmxxxy 
       foreign key (rentee_id) 
       references user (id)
2021-11-30 14:07:22.679 DEBUG 19728 --- [main] org.hibernate.SQL                        : 
    
    alter table reservation 
       add constraint FKi9tradpy7l2dyg4j52f8dbn3n 
       foreign key (renter_id) 
       references user (id)
2021-11-30 14:07:22.716 DEBUG 19728 --- [main] org.hibernate.SQL                        : 
    
    alter table user 
       add constraint FK29eqyw0gxw5r4f1ommy11nd9i 
       foreign key (city_id) 
       references city (id)
2021-11-30 14:07:22.759 DEBUG 19728 --- [main] org.hibernate.SQL                        : 
    
    alter table user 
       add constraint FKplagps7tcqdonj31pad31fwr2 
       foreign key (nationality_id) 
       references nationality (id)
2021-11-30 14:07:22.800 DEBUG 19728 --- [main] org.hibernate.SQL                        : 
    
    alter table user_role 
       add constraint FKa68196081fvovjhkek5m97n3y 
       foreign key (role_id) 
       references role (id)
2021-11-30 14:07:22.838 DEBUG 19728 --- [main] org.hibernate.SQL                        : 
    
    alter table user_role 
       add constraint FK859n2jvi8ivhui0rl0esws6o 
       foreign key (user_id) 
       references user (id)
2021-11-30 14:07:22.863  INFO 19728 --- [main] o.h.e.t.j.p.i.JtaPlatformInitiator       : HHH000490: Using JtaPlatform implementation: [org.hibernate.engine.transaction.jta.platform.internal.NoJtaPlatform]
2021-11-30 14:07:22.876  INFO 19728 --- [main] j.LocalContainerEntityManagerFactoryBean : Initialized JPA EntityManagerFactory for persistence unit 'default'
2021-11-30 14:07:24.087  INFO 19728 --- [main] o.s.b.a.e.web.EndpointLinksResolver      : Exposing 1 endpoint(s) beneath base path '/actuator'
2021-11-30 14:07:24.098  INFO 19728 --- [main] o.s.s.web.DefaultSecurityFilterChain     : Will secure any request with [org.springframework.security.web.context.request.async.WebAsyncManagerIntegrationFilter@325236f5, org.springframework.security.web.context.SecurityContextPersistenceFilter@1a1e38ab, org.springframework.security.web.header.HeaderWriterFilter@23e3a27f, org.springframework.web.filter.CorsFilter@32eb38e5, org.springframework.security.web.authentication.logout.LogoutFilter@6792f2c6, com.example.loverbe.filter.JwtAuthenticationFilter@6b2efcae, org.springframework.security.web.savedrequest.RequestCacheAwareFilter@400d1c30, org.springframework.security.web.servletapi.SecurityContextHolderAwareRequestFilter@36e358de, org.springframework.security.web.authentication.AnonymousAuthenticationFilter@73633230, org.springframework.security.web.session.SessionManagementFilter@1b901f7b, org.springframework.security.web.access.ExceptionTranslationFilter@775a5a67, org.springframework.security.web.access.intercept.FilterSecurityInterceptor@7d108063]
2021-11-30 14:07:24.368  INFO 19728 --- [main] o.s.b.w.embedded.tomcat.TomcatWebServer  : Tomcat started on port(s): 8080 (http) with context path ''
2021-11-30 14:07:24.383  INFO 19728 --- [main] com.example.loverbe.LoverBeApplication   : Started LoverBeApplication in 6.418 seconds (JVM running for 7.585)
2021-11-30 14:07:25.342  INFO 19728 --- [RMI TCP Connection(3)-26.181.242.227] o.a.c.c.C.[Tomcat].[localhost].[/]       : Initializing Spring DispatcherServlet 'dispatcherServlet'
2021-11-30 14:07:25.343  INFO 19728 --- [RMI TCP Connection(3)-26.181.242.227] o.s.web.servlet.DispatcherServlet        : Initializing Servlet 'dispatcherServlet'
2021-11-30 14:07:25.344  INFO 19728 --- [RMI TCP Connection(3)-26.181.242.227] o.s.web.servlet.DispatcherServlet        : Completed initialization in 1 ms
2021-11-30 14:08:07.319  INFO 19728 --- [SpringApplicationShutdownHook] j.LocalContainerEntityManagerFactoryBean : Closing JPA EntityManagerFactory for persistence unit 'default'
2021-11-30 14:08:07.322  INFO 19728 --- [SpringApplicationShutdownHook] com.zaxxer.hikari.HikariDataSource       : HikariPool-1 - Shutdown initiated...
2021-11-30 14:08:07.326  INFO 19728 --- [SpringApplicationShutdownHook] com.zaxxer.hikari.HikariDataSource       : HikariPool-1 - Shutdown completed.
2021-11-30 14:08:10.266  INFO 10256 --- [main] com.example.loverbe.LoverBeApplication   : Starting LoverBeApplication using Java 1.8.0_201 on DESKTOP-9O0CNNQ with PID 10256 (E:\Spring\Lover-BE\build\classes\java\main started by Laptop88 in E:\Spring\Lover-BE)
2021-11-30 14:08:10.268  INFO 10256 --- [main] com.example.loverbe.LoverBeApplication   : No active profile set, falling back to default profiles: default
2021-11-30 14:08:11.301  INFO 10256 --- [main] .s.d.r.c.RepositoryConfigurationDelegate : Bootstrapping Spring Data JPA repositories in DEFAULT mode.
2021-11-30 14:08:11.390  INFO 10256 --- [main] .s.d.r.c.RepositoryConfigurationDelegate : Finished Spring Data repository scanning in 78 ms. Found 7 JPA repository interfaces.
2021-11-30 14:08:11.953  INFO 10256 --- [main] o.s.b.w.embedded.tomcat.TomcatWebServer  : Tomcat initialized with port(s): 8080 (http)
2021-11-30 14:08:11.963  INFO 10256 --- [main] o.apache.catalina.core.StandardService   : Starting service [Tomcat]
2021-11-30 14:08:11.963  INFO 10256 --- [main] org.apache.catalina.core.StandardEngine  : Starting Servlet engine: [Apache Tomcat/9.0.55]
2021-11-30 14:08:12.055  INFO 10256 --- [main] o.a.c.c.C.[Tomcat].[localhost].[/]       : Initializing Spring embedded WebApplicationContext
2021-11-30 14:08:12.055  INFO 10256 --- [main] w.s.c.ServletWebServerApplicationContext : Root WebApplicationContext: initialization completed in 1741 ms
2021-11-30 14:08:12.239  WARN 10256 --- [main] JpaBaseConfiguration$JpaWebConfiguration : spring.jpa.open-in-view is enabled by default. Therefore, database queries may be performed during view rendering. Explicitly configure spring.jpa.open-in-view to disable this warning
2021-11-30 14:08:12.305  INFO 10256 --- [main] com.zaxxer.hikari.HikariDataSource       : HikariPool-1 - Starting...
2021-11-30 14:08:13.021  INFO 10256 --- [main] com.zaxxer.hikari.HikariDataSource       : HikariPool-1 - Start completed.
2021-11-30 14:08:13.064  INFO 10256 --- [main] o.hibernate.jpa.internal.util.LogHelper  : HHH000204: Processing PersistenceUnitInfo [name: default]
2021-11-30 14:08:13.114  INFO 10256 --- [main] org.hibernate.Version                    : HHH000412: Hibernate ORM core version 5.6.1.Final
2021-11-30 14:08:13.306  INFO 10256 --- [main] o.hibernate.annotations.common.Version   : HCANN000001: Hibernate Commons Annotations {5.1.2.Final}
2021-11-30 14:08:13.428  INFO 10256 --- [main] org.hibernate.dialect.Dialect            : HHH000400: Using dialect: org.hibernate.dialect.MySQL5Dialect
2021-11-30 14:08:14.264 DEBUG 10256 --- [main] org.hibernate.SQL                        : 
    
    create table city (
       id bigint not null auto_increment,
        name varchar(255),
        primary key (id)
    ) engine=MyISAM
2021-11-30 14:08:14.274 DEBUG 10256 --- [main] org.hibernate.SQL                        : 
    
    create table feedback (
       id bigint not null auto_increment,
        content varchar(255),
        rating integer not null,
        sent_at date,
        reservation_id bigint,
        primary key (id)
    ) engine=MyISAM
2021-11-30 14:08:14.282 DEBUG 10256 --- [main] org.hibernate.SQL                        : 
    
    create table image (
       id bigint not null auto_increment,
        name varchar(255),
        user_id bigint,
        primary key (id)
    ) engine=MyISAM
2021-11-30 14:08:14.291 DEBUG 10256 --- [main] org.hibernate.SQL                        : 
    
    create table nationality (
       id bigint not null auto_increment,
        name varchar(255),
        primary key (id)
    ) engine=MyISAM
2021-11-30 14:08:14.299 DEBUG 10256 --- [main] org.hibernate.SQL                        : 
    
    create table reservation (
       id bigint not null auto_increment,
        end_at datetime,
        location varchar(255),
        reserve_at datetime,
        start_from datetime,
        status bit,
        rentee_id bigint,
        renter_id bigint,
        primary key (id)
    ) engine=MyISAM
2021-11-30 14:08:14.314 DEBUG 10256 --- [main] org.hibernate.SQL                        : 
    
    create table role (
       id bigint not null auto_increment,
        name varchar(255),
        primary key (id)
    ) engine=MyISAM
2021-11-30 14:08:14.324 DEBUG 10256 --- [main] org.hibernate.SQL                        : 
    
    create table service (
       id bigint not null auto_increment,
        description varchar(255),
        name varchar(255),
        primary key (id)
    ) engine=MyISAM
2021-11-30 14:08:14.332 DEBUG 10256 --- [main] org.hibernate.SQL                        : 
    
    create table user (
       id bigint not null auto_increment,
        avatar varchar(255),
        bust double precision,
        description varchar(255),
        email varchar(255),
        facebook_url varchar(255),
        first_name varchar(255),
        gender varchar(255),
        height double precision,
        hips double precision,
        joined_at date,
        last_login_at date,
        last_name varchar(255),
        password varchar(255),
        phone varchar(255),
        rented_counter integer,
        status varchar(255),
        username varchar(255),
        view_counter integer,
        waist double precision,
        weight double precision,
        year_of_birth bigint,
        city_id bigint,
        nationality_id bigint,
        primary key (id)
    ) engine=MyISAM
2021-11-30 14:08:14.343 DEBUG 10256 --- [main] org.hibernate.SQL                        : 
    
    create table user_role (
       user_id bigint not null,
        role_id bigint not null,
        primary key (user_id, role_id)
    ) engine=MyISAM
2021-11-30 14:08:14.353 DEBUG 10256 --- [main] org.hibernate.SQL                        : 
    
    alter table feedback 
       add constraint FKsjmfrqsfqj98f23ddsbnf4jhy 
       foreign key (reservation_id) 
       references reservation (id)
2021-11-30 14:08:14.383 DEBUG 10256 --- [main] org.hibernate.SQL                        : 
    
    alter table image 
       add constraint FKlxnnh0ir05khn8iu9tgwh1yyk 
       foreign key (user_id) 
       references user (id)
2021-11-30 14:08:14.410 DEBUG 10256 --- [main] org.hibernate.SQL                        : 
    
    alter table reservation 
       add constraint FKrsa3l3fyhlyug3fjmlmgmxxxy 
       foreign key (rentee_id) 
       references user (id)
2021-11-30 14:08:14.438 DEBUG 10256 --- [main] org.hibernate.SQL                        : 
    
    alter table reservation 
       add constraint FKi9tradpy7l2dyg4j52f8dbn3n 
       foreign key (renter_id) 
       references user (id)
2021-11-30 14:08:14.466 DEBUG 10256 --- [main] org.hibernate.SQL                        : 
    
    alter table user 
       add constraint FK29eqyw0gxw5r4f1ommy11nd9i 
       foreign key (city_id) 
       references city (id)
2021-11-30 14:08:14.505 DEBUG 10256 --- [main] org.hibernate.SQL                        : 
    
    alter table user 
       add constraint FKplagps7tcqdonj31pad31fwr2 
       foreign key (nationality_id) 
       references nationality (id)
2021-11-30 14:08:14.544 DEBUG 10256 --- [main] org.hibernate.SQL                        : 
    
    alter table user_role 
       add constraint FKa68196081fvovjhkek5m97n3y 
       foreign key (role_id) 
       references role (id)
2021-11-30 14:08:14.583 DEBUG 10256 --- [main] org.hibernate.SQL                        : 
    
    alter table user_role 
       add constraint FK859n2jvi8ivhui0rl0esws6o 
       foreign key (user_id) 
       references user (id)
2021-11-30 14:08:14.616  INFO 10256 --- [main] o.h.e.t.j.p.i.JtaPlatformInitiator       : HHH000490: Using JtaPlatform implementation: [org.hibernate.engine.transaction.jta.platform.internal.NoJtaPlatform]
2021-11-30 14:08:14.627  INFO 10256 --- [main] j.LocalContainerEntityManagerFactoryBean : Initialized JPA EntityManagerFactory for persistence unit 'default'
2021-11-30 14:08:15.795  INFO 10256 --- [main] o.s.b.a.e.web.EndpointLinksResolver      : Exposing 1 endpoint(s) beneath base path '/actuator'
2021-11-30 14:08:15.806  INFO 10256 --- [main] o.s.s.web.DefaultSecurityFilterChain     : Will secure any request with [org.springframework.security.web.context.request.async.WebAsyncManagerIntegrationFilter@3e0e3048, org.springframework.security.web.context.SecurityContextPersistenceFilter@7f958d4a, org.springframework.security.web.header.HeaderWriterFilter@4724b2c1, org.springframework.web.filter.CorsFilter@7bc4ac3e, org.springframework.security.web.authentication.logout.LogoutFilter@797ee1a9, com.example.loverbe.filter.JwtAuthenticationFilter@47eff554, org.springframework.security.web.savedrequest.RequestCacheAwareFilter@70f8d217, org.springframework.security.web.servletapi.SecurityContextHolderAwareRequestFilter@5c8d631, org.springframework.security.web.authentication.AnonymousAuthenticationFilter@504274c1, org.springframework.security.web.session.SessionManagementFilter@3c34c491, org.springframework.security.web.access.ExceptionTranslationFilter@7d4135c9, org.springframework.security.web.access.intercept.FilterSecurityInterceptor@7254a68a]
2021-11-30 14:08:16.070  INFO 10256 --- [main] o.s.b.w.embedded.tomcat.TomcatWebServer  : Tomcat started on port(s): 8080 (http) with context path ''
2021-11-30 14:08:16.084  INFO 10256 --- [main] com.example.loverbe.LoverBeApplication   : Started LoverBeApplication in 6.271 seconds (JVM running for 7.269)
2021-11-30 14:08:17.114  INFO 10256 --- [RMI TCP Connection(3)-26.181.242.227] o.a.c.c.C.[Tomcat].[localhost].[/]       : Initializing Spring DispatcherServlet 'dispatcherServlet'
2021-11-30 14:08:17.115  INFO 10256 --- [RMI TCP Connection(3)-26.181.242.227] o.s.web.servlet.DispatcherServlet        : Initializing Servlet 'dispatcherServlet'
2021-11-30 14:08:17.117  INFO 10256 --- [RMI TCP Connection(3)-26.181.242.227] o.s.web.servlet.DispatcherServlet        : Completed initialization in 2 ms
2021-11-30 14:23:21.622  WARN 10256 --- [http-nio-8080-exec-9] .w.s.m.s.DefaultHandlerExceptionResolver : Resolved [org.springframework.http.converter.HttpMessageNotReadableException: Required request body is missing: public org.springframework.http.ResponseEntity<?> com.example.loverbe.controller.AuthController.login(com.example.loverbe.model.User)]
2021-11-30 14:24:09.019  WARN 10256 --- [http-nio-8080-exec-1] .w.s.m.s.DefaultHandlerExceptionResolver : Resolved [org.springframework.http.converter.HttpMessageNotReadableException: Required request body is missing: public org.springframework.http.ResponseEntity<?> com.example.loverbe.controller.AuthController.login(com.example.loverbe.model.User)]
2021-11-30 14:24:19.293 DEBUG 10256 --- [http-nio-8080-exec-4] org.hibernate.SQL                        : 
    select
        user0_.id as id1_7_,
        user0_.avatar as avatar2_7_,
        user0_.bust as bust3_7_,
        user0_.city_id as city_id23_7_,
        user0_.description as descript4_7_,
        user0_.email as email5_7_,
        user0_.facebook_url as facebook6_7_,
        user0_.first_name as first_na7_7_,
        user0_.gender as gender8_7_,
        user0_.height as height9_7_,
        user0_.hips as hips10_7_,
        user0_.joined_at as joined_11_7_,
        user0_.last_login_at as last_lo12_7_,
        user0_.last_name as last_na13_7_,
        user0_.nationality_id as nationa24_7_,
        user0_.password as passwor14_7_,
        user0_.phone as phone15_7_,
        user0_.rented_counter as rented_16_7_,
        user0_.status as status17_7_,
        user0_.username as usernam18_7_,
        user0_.view_counter as view_co19_7_,
        user0_.waist as waist20_7_,
        user0_.weight as weight21_7_,
        user0_.year_of_birth as year_of22_7_ 
    from
        user user0_ 
    where
        user0_.username=?
2021-11-30 14:24:19.304 TRACE 10256 --- [http-nio-8080-exec-4] o.h.type.descriptor.sql.BasicBinder      : binding parameter [1] as [VARCHAR] - [admin]
2021-11-30 14:24:24.239 DEBUG 10256 --- [http-nio-8080-exec-5] org.hibernate.SQL                        : 
    select
        user0_.id as id1_7_,
        user0_.avatar as avatar2_7_,
        user0_.bust as bust3_7_,
        user0_.city_id as city_id23_7_,
        user0_.description as descript4_7_,
        user0_.email as email5_7_,
        user0_.facebook_url as facebook6_7_,
        user0_.first_name as first_na7_7_,
        user0_.gender as gender8_7_,
        user0_.height as height9_7_,
        user0_.hips as hips10_7_,
        user0_.joined_at as joined_11_7_,
        user0_.last_login_at as last_lo12_7_,
        user0_.last_name as last_na13_7_,
        user0_.nationality_id as nationa24_7_,
        user0_.password as passwor14_7_,
        user0_.phone as phone15_7_,
        user0_.rented_counter as rented_16_7_,
        user0_.status as status17_7_,
        user0_.username as usernam18_7_,
        user0_.view_counter as view_co19_7_,
        user0_.waist as waist20_7_,
        user0_.weight as weight21_7_,
        user0_.year_of_birth as year_of22_7_ 
    from
        user user0_ 
    where
        user0_.username=?
2021-11-30 14:24:24.240 TRACE 10256 --- [http-nio-8080-exec-5] o.h.type.descriptor.sql.BasicBinder      : binding parameter [1] as [VARCHAR] - [admin]
2021-11-30 14:26:24.393 DEBUG 10256 --- [http-nio-8080-exec-8] org.hibernate.SQL                        : 
    select
        user0_.id as id1_7_,
        user0_.avatar as avatar2_7_,
        user0_.bust as bust3_7_,
        user0_.city_id as city_id23_7_,
        user0_.description as descript4_7_,
        user0_.email as email5_7_,
        user0_.facebook_url as facebook6_7_,
        user0_.first_name as first_na7_7_,
        user0_.gender as gender8_7_,
        user0_.height as height9_7_,
        user0_.hips as hips10_7_,
        user0_.joined_at as joined_11_7_,
        user0_.last_login_at as last_lo12_7_,
        user0_.last_name as last_na13_7_,
        user0_.nationality_id as nationa24_7_,
        user0_.password as passwor14_7_,
        user0_.phone as phone15_7_,
        user0_.rented_counter as rented_16_7_,
        user0_.status as status17_7_,
        user0_.username as usernam18_7_,
        user0_.view_counter as view_co19_7_,
        user0_.waist as waist20_7_,
        user0_.weight as weight21_7_,
        user0_.year_of_birth as year_of22_7_ 
    from
        user user0_ 
    where
        user0_.username=?
2021-11-30 14:26:24.394 TRACE 10256 --- [http-nio-8080-exec-8] o.h.type.descriptor.sql.BasicBinder      : binding parameter [1] as [VARCHAR] - [admin]
2021-11-30 14:26:40.669 DEBUG 10256 --- [http-nio-8080-exec-9] org.hibernate.SQL                        : 
    select
        user0_.id as id1_7_,
        user0_.avatar as avatar2_7_,
        user0_.bust as bust3_7_,
        user0_.city_id as city_id23_7_,
        user0_.description as descript4_7_,
        user0_.email as email5_7_,
        user0_.facebook_url as facebook6_7_,
        user0_.first_name as first_na7_7_,
        user0_.gender as gender8_7_,
        user0_.height as height9_7_,
        user0_.hips as hips10_7_,
        user0_.joined_at as joined_11_7_,
        user0_.last_login_at as last_lo12_7_,
        user0_.last_name as last_na13_7_,
        user0_.nationality_id as nationa24_7_,
        user0_.password as passwor14_7_,
        user0_.phone as phone15_7_,
        user0_.rented_counter as rented_16_7_,
        user0_.status as status17_7_,
        user0_.username as usernam18_7_,
        user0_.view_counter as view_co19_7_,
        user0_.waist as waist20_7_,
        user0_.weight as weight21_7_,
        user0_.year_of_birth as year_of22_7_ 
    from
        user user0_ 
    where
        user0_.username=?
2021-11-30 14:26:40.671 TRACE 10256 --- [http-nio-8080-exec-9] o.h.type.descriptor.sql.BasicBinder      : binding parameter [1] as [VARCHAR] - [admin]
2021-11-30 14:27:46.948 DEBUG 10256 --- [http-nio-8080-exec-1] org.hibernate.SQL                        : 
    select
        user0_.id as id1_7_,
        user0_.avatar as avatar2_7_,
        user0_.bust as bust3_7_,
        user0_.city_id as city_id23_7_,
        user0_.description as descript4_7_,
        user0_.email as email5_7_,
        user0_.facebook_url as facebook6_7_,
        user0_.first_name as first_na7_7_,
        user0_.gender as gender8_7_,
        user0_.height as height9_7_,
        user0_.hips as hips10_7_,
        user0_.joined_at as joined_11_7_,
        user0_.last_login_at as last_lo12_7_,
        user0_.last_name as last_na13_7_,
        user0_.nationality_id as nationa24_7_,
        user0_.password as passwor14_7_,
        user0_.phone as phone15_7_,
        user0_.rented_counter as rented_16_7_,
        user0_.status as status17_7_,
        user0_.username as usernam18_7_,
        user0_.view_counter as view_co19_7_,
        user0_.waist as waist20_7_,
        user0_.weight as weight21_7_,
        user0_.year_of_birth as year_of22_7_ 
    from
        user user0_ 
    where
        user0_.username=?
2021-11-30 14:27:46.949 TRACE 10256 --- [http-nio-8080-exec-1] o.h.type.descriptor.sql.BasicBinder      : binding parameter [1] as [VARCHAR] - [admin]
2021-11-30 14:27:51.961 DEBUG 10256 --- [http-nio-8080-exec-3] org.hibernate.SQL                        : 
    select
        user0_.id as id1_7_,
        user0_.avatar as avatar2_7_,
        user0_.bust as bust3_7_,
        user0_.city_id as city_id23_7_,
        user0_.description as descript4_7_,
        user0_.email as email5_7_,
        user0_.facebook_url as facebook6_7_,
        user0_.first_name as first_na7_7_,
        user0_.gender as gender8_7_,
        user0_.height as height9_7_,
        user0_.hips as hips10_7_,
        user0_.joined_at as joined_11_7_,
        user0_.last_login_at as last_lo12_7_,
        user0_.last_name as last_na13_7_,
        user0_.nationality_id as nationa24_7_,
        user0_.password as passwor14_7_,
        user0_.phone as phone15_7_,
        user0_.rented_counter as rented_16_7_,
        user0_.status as status17_7_,
        user0_.username as usernam18_7_,
        user0_.view_counter as view_co19_7_,
        user0_.waist as waist20_7_,
        user0_.weight as weight21_7_,
        user0_.year_of_birth as year_of22_7_ 
    from
        user user0_ 
    where
        user0_.username=?
2021-11-30 14:27:51.962 TRACE 10256 --- [http-nio-8080-exec-3] o.h.type.descriptor.sql.BasicBinder      : binding parameter [1] as [VARCHAR] - [ROLE_ADMIN]
2021-11-30 14:28:06.931 DEBUG 10256 --- [http-nio-8080-exec-4] org.hibernate.SQL                        : 
    select
        user0_.id as id1_7_,
        user0_.avatar as avatar2_7_,
        user0_.bust as bust3_7_,
        user0_.city_id as city_id23_7_,
        user0_.description as descript4_7_,
        user0_.email as email5_7_,
        user0_.facebook_url as facebook6_7_,
        user0_.first_name as first_na7_7_,
        user0_.gender as gender8_7_,
        user0_.height as height9_7_,
        user0_.hips as hips10_7_,
        user0_.joined_at as joined_11_7_,
        user0_.last_login_at as last_lo12_7_,
        user0_.last_name as last_na13_7_,
        user0_.nationality_id as nationa24_7_,
        user0_.password as passwor14_7_,
        user0_.phone as phone15_7_,
        user0_.rented_counter as rented_16_7_,
        user0_.status as status17_7_,
        user0_.username as usernam18_7_,
        user0_.view_counter as view_co19_7_,
        user0_.waist as waist20_7_,
        user0_.weight as weight21_7_,
        user0_.year_of_birth as year_of22_7_ 
    from
        user user0_ 
    where
        user0_.username=?
2021-11-30 14:28:06.932 TRACE 10256 --- [http-nio-8080-exec-4] o.h.type.descriptor.sql.BasicBinder      : binding parameter [1] as [VARCHAR] - [admin]
2021-11-30 14:28:17.092  INFO 10256 --- [SpringApplicationShutdownHook] j.LocalContainerEntityManagerFactoryBean : Closing JPA EntityManagerFactory for persistence unit 'default'
2021-11-30 14:28:17.095  INFO 10256 --- [SpringApplicationShutdownHook] com.zaxxer.hikari.HikariDataSource       : HikariPool-1 - Shutdown initiated...
2021-11-30 14:28:17.101  INFO 10256 --- [SpringApplicationShutdownHook] com.zaxxer.hikari.HikariDataSource       : HikariPool-1 - Shutdown completed.
2021-11-30 14:28:20.449  INFO 11076 --- [main] com.example.loverbe.LoverBeApplication   : Starting LoverBeApplication using Java 1.8.0_201 on DESKTOP-9O0CNNQ with PID 11076 (E:\Spring\Lover-BE\build\classes\java\main started by Laptop88 in E:\Spring\Lover-BE)
2021-11-30 14:28:20.453  INFO 11076 --- [main] com.example.loverbe.LoverBeApplication   : No active profile set, falling back to default profiles: default
2021-11-30 14:28:21.467  INFO 11076 --- [main] .s.d.r.c.RepositoryConfigurationDelegate : Bootstrapping Spring Data JPA repositories in DEFAULT mode.
2021-11-30 14:28:21.557  INFO 11076 --- [main] .s.d.r.c.RepositoryConfigurationDelegate : Finished Spring Data repository scanning in 78 ms. Found 7 JPA repository interfaces.
2021-11-30 14:28:22.088  INFO 11076 --- [main] o.s.b.w.embedded.tomcat.TomcatWebServer  : Tomcat initialized with port(s): 8080 (http)
2021-11-30 14:28:22.097  INFO 11076 --- [main] o.apache.catalina.core.StandardService   : Starting service [Tomcat]
2021-11-30 14:28:22.097  INFO 11076 --- [main] org.apache.catalina.core.StandardEngine  : Starting Servlet engine: [Apache Tomcat/9.0.55]
2021-11-30 14:28:22.201  INFO 11076 --- [main] o.a.c.c.C.[Tomcat].[localhost].[/]       : Initializing Spring embedded WebApplicationContext
2021-11-30 14:28:22.202  INFO 11076 --- [main] w.s.c.ServletWebServerApplicationContext : Root WebApplicationContext: initialization completed in 1700 ms
2021-11-30 14:28:22.445  WARN 11076 --- [main] JpaBaseConfiguration$JpaWebConfiguration : spring.jpa.open-in-view is enabled by default. Therefore, database queries may be performed during view rendering. Explicitly configure spring.jpa.open-in-view to disable this warning
2021-11-30 14:28:22.502  INFO 11076 --- [main] com.zaxxer.hikari.HikariDataSource       : HikariPool-1 - Starting...
2021-11-30 14:28:23.124  INFO 11076 --- [main] com.zaxxer.hikari.HikariDataSource       : HikariPool-1 - Start completed.
2021-11-30 14:28:23.168  INFO 11076 --- [main] o.hibernate.jpa.internal.util.LogHelper  : HHH000204: Processing PersistenceUnitInfo [name: default]
2021-11-30 14:28:23.227  INFO 11076 --- [main] org.hibernate.Version                    : HHH000412: Hibernate ORM core version 5.6.1.Final
2021-11-30 14:28:23.428  INFO 11076 --- [main] o.hibernate.annotations.common.Version   : HCANN000001: Hibernate Commons Annotations {5.1.2.Final}
2021-11-30 14:28:23.556  INFO 11076 --- [main] org.hibernate.dialect.Dialect            : HHH000400: Using dialect: org.hibernate.dialect.MySQL5Dialect
2021-11-30 14:28:24.486 DEBUG 11076 --- [main] org.hibernate.SQL                        : 
    
    alter table feedback 
       add constraint FKsjmfrqsfqj98f23ddsbnf4jhy 
       foreign key (reservation_id) 
       references reservation (id)
2021-11-30 14:28:24.539 DEBUG 11076 --- [main] org.hibernate.SQL                        : 
    
    alter table image 
       add constraint FKlxnnh0ir05khn8iu9tgwh1yyk 
       foreign key (user_id) 
       references user (id)
2021-11-30 14:28:24.590 DEBUG 11076 --- [main] org.hibernate.SQL                        : 
    
    alter table reservation 
       add constraint FKrsa3l3fyhlyug3fjmlmgmxxxy 
       foreign key (rentee_id) 
       references user (id)
2021-11-30 14:28:24.622 DEBUG 11076 --- [main] org.hibernate.SQL                        : 
    
    alter table reservation 
       add constraint FKi9tradpy7l2dyg4j52f8dbn3n 
       foreign key (renter_id) 
       references user (id)
2021-11-30 14:28:24.662 DEBUG 11076 --- [main] org.hibernate.SQL                        : 
    
    alter table user 
       add constraint FK29eqyw0gxw5r4f1ommy11nd9i 
       foreign key (city_id) 
       references city (id)
2021-11-30 14:28:24.701 DEBUG 11076 --- [main] org.hibernate.SQL                        : 
    
    alter table user 
       add constraint FKplagps7tcqdonj31pad31fwr2 
       foreign key (nationality_id) 
       references nationality (id)
2021-11-30 14:28:24.753 DEBUG 11076 --- [main] org.hibernate.SQL                        : 
    
    alter table user_role 
       add constraint FKa68196081fvovjhkek5m97n3y 
       foreign key (role_id) 
       references role (id)
2021-11-30 14:28:24.794 DEBUG 11076 --- [main] org.hibernate.SQL                        : 
    
    alter table user_role 
       add constraint FK859n2jvi8ivhui0rl0esws6o 
       foreign key (user_id) 
       references user (id)
2021-11-30 14:28:24.826  INFO 11076 --- [main] o.h.e.t.j.p.i.JtaPlatformInitiator       : HHH000490: Using JtaPlatform implementation: [org.hibernate.engine.transaction.jta.platform.internal.NoJtaPlatform]
2021-11-30 14:28:24.837  INFO 11076 --- [main] j.LocalContainerEntityManagerFactoryBean : Initialized JPA EntityManagerFactory for persistence unit 'default'
2021-11-30 14:28:26.069  INFO 11076 --- [main] o.s.b.a.e.web.EndpointLinksResolver      : Exposing 1 endpoint(s) beneath base path '/actuator'
2021-11-30 14:28:26.081  INFO 11076 --- [main] o.s.s.web.DefaultSecurityFilterChain     : Will secure any request with [org.springframework.security.web.context.request.async.WebAsyncManagerIntegrationFilter@21202507, org.springframework.security.web.context.SecurityContextPersistenceFilter@7804a783, org.springframework.security.web.header.HeaderWriterFilter@3fc4038f, org.springframework.web.filter.CorsFilter@62878d7c, org.springframework.security.web.authentication.logout.LogoutFilter@47fce2c4, com.example.loverbe.filter.JwtAuthenticationFilter@58932d08, org.springframework.security.web.savedrequest.RequestCacheAwareFilter@71b32407, org.springframework.security.web.servletapi.SecurityContextHolderAwareRequestFilter@3b11deb6, org.springframework.security.web.authentication.AnonymousAuthenticationFilter@4379fe2a, org.springframework.security.web.session.SessionManagementFilter@4acdf6e7, org.springframework.security.web.access.ExceptionTranslationFilter@75312c94, org.springframework.security.web.access.intercept.FilterSecurityInterceptor@79454d8e]
2021-11-30 14:28:26.349  INFO 11076 --- [main] o.s.b.w.embedded.tomcat.TomcatWebServer  : Tomcat started on port(s): 8080 (http) with context path ''
2021-11-30 14:28:26.363  INFO 11076 --- [main] com.example.loverbe.LoverBeApplication   : Started LoverBeApplication in 6.365 seconds (JVM running for 7.321)
2021-11-30 14:28:27.076  INFO 11076 --- [RMI TCP Connection(1)-26.181.242.227] o.a.c.c.C.[Tomcat].[localhost].[/]       : Initializing Spring DispatcherServlet 'dispatcherServlet'
2021-11-30 14:28:27.076  INFO 11076 --- [RMI TCP Connection(1)-26.181.242.227] o.s.web.servlet.DispatcherServlet        : Initializing Servlet 'dispatcherServlet'
2021-11-30 14:28:27.077  INFO 11076 --- [RMI TCP Connection(1)-26.181.242.227] o.s.web.servlet.DispatcherServlet        : Completed initialization in 1 ms
2021-11-30 14:28:30.734 DEBUG 11076 --- [http-nio-8080-exec-1] org.hibernate.SQL                        : 
    select
        user0_.id as id1_7_,
        user0_.avatar as avatar2_7_,
        user0_.bust as bust3_7_,
        user0_.city_id as city_id23_7_,
        user0_.description as descript4_7_,
        user0_.email as email5_7_,
        user0_.facebook_url as facebook6_7_,
        user0_.first_name as first_na7_7_,
        user0_.gender as gender8_7_,
        user0_.height as height9_7_,
        user0_.hips as hips10_7_,
        user0_.joined_at as joined_11_7_,
        user0_.last_login_at as last_lo12_7_,
        user0_.last_name as last_na13_7_,
        user0_.nationality_id as nationa24_7_,
        user0_.password as passwor14_7_,
        user0_.phone as phone15_7_,
        user0_.rented_counter as rented_16_7_,
        user0_.status as status17_7_,
        user0_.username as usernam18_7_,
        user0_.view_counter as view_co19_7_,
        user0_.waist as waist20_7_,
        user0_.weight as weight21_7_,
        user0_.year_of_birth as year_of22_7_ 
    from
        user user0_ 
    where
        user0_.username=?
2021-11-30 14:28:30.743 TRACE 11076 --- [http-nio-8080-exec-1] o.h.type.descriptor.sql.BasicBinder      : binding parameter [1] as [VARCHAR] - [admin]
2021-11-30 14:29:16.281 DEBUG 11076 --- [http-nio-8080-exec-3] org.hibernate.SQL                        : 
    select
        user0_.id as id1_7_,
        user0_.avatar as avatar2_7_,
        user0_.bust as bust3_7_,
        user0_.city_id as city_id23_7_,
        user0_.description as descript4_7_,
        user0_.email as email5_7_,
        user0_.facebook_url as facebook6_7_,
        user0_.first_name as first_na7_7_,
        user0_.gender as gender8_7_,
        user0_.height as height9_7_,
        user0_.hips as hips10_7_,
        user0_.joined_at as joined_11_7_,
        user0_.last_login_at as last_lo12_7_,
        user0_.last_name as last_na13_7_,
        user0_.nationality_id as nationa24_7_,
        user0_.password as passwor14_7_,
        user0_.phone as phone15_7_,
        user0_.rented_counter as rented_16_7_,
        user0_.status as status17_7_,
        user0_.username as usernam18_7_,
        user0_.view_counter as view_co19_7_,
        user0_.waist as waist20_7_,
        user0_.weight as weight21_7_,
        user0_.year_of_birth as year_of22_7_ 
    from
        user user0_ 
    where
        user0_.username=?
2021-11-30 14:29:16.283 TRACE 11076 --- [http-nio-8080-exec-3] o.h.type.descriptor.sql.BasicBinder      : binding parameter [1] as [VARCHAR] - [admin]
2021-11-30 14:31:09.623 DEBUG 11076 --- [http-nio-8080-exec-6] org.hibernate.SQL                        : 
    select
        user0_.id as id1_7_,
        user0_.avatar as avatar2_7_,
        user0_.bust as bust3_7_,
        user0_.city_id as city_id23_7_,
        user0_.description as descript4_7_,
        user0_.email as email5_7_,
        user0_.facebook_url as facebook6_7_,
        user0_.first_name as first_na7_7_,
        user0_.gender as gender8_7_,
        user0_.height as height9_7_,
        user0_.hips as hips10_7_,
        user0_.joined_at as joined_11_7_,
        user0_.last_login_at as last_lo12_7_,
        user0_.last_name as last_na13_7_,
        user0_.nationality_id as nationa24_7_,
        user0_.password as passwor14_7_,
        user0_.phone as phone15_7_,
        user0_.rented_counter as rented_16_7_,
        user0_.status as status17_7_,
        user0_.username as usernam18_7_,
        user0_.view_counter as view_co19_7_,
        user0_.waist as waist20_7_,
        user0_.weight as weight21_7_,
        user0_.year_of_birth as year_of22_7_ 
    from
        user user0_ 
    where
        user0_.username=?
2021-11-30 14:31:09.649 TRACE 11076 --- [http-nio-8080-exec-6] o.h.type.descriptor.sql.BasicBinder      : binding parameter [1] as [VARCHAR] - [admin]
2021-11-30 14:31:09.816 DEBUG 11076 --- [http-nio-8080-exec-6] org.hibernate.SQL                        : 
    select
        roles0_.user_id as user_id1_8_0_,
        roles0_.role_id as role_id2_8_0_,
        role1_.id as id1_5_1_,
        role1_.name as name2_5_1_ 
    from
        user_role roles0_ 
    inner join
        role role1_ 
            on roles0_.role_id=role1_.id 
    where
        roles0_.user_id=?
2021-11-30 14:31:09.822 TRACE 11076 --- [http-nio-8080-exec-6] o.h.type.descriptor.sql.BasicBinder      : binding parameter [1] as [BIGINT] - [1]
2021-11-30 14:32:45.656  WARN 11076 --- [HikariPool-1 housekeeper] com.zaxxer.hikari.pool.HikariPool        : HikariPool-1 - Thread starvation or clock leap detected (housekeeper delta=1m21s194ms456s200ns).
2021-11-30 14:32:45.657 DEBUG 11076 --- [http-nio-8080-exec-7] org.hibernate.SQL                        : 
    select
        user0_.id as id1_7_,
        user0_.avatar as avatar2_7_,
        user0_.bust as bust3_7_,
        user0_.city_id as city_id23_7_,
        user0_.description as descript4_7_,
        user0_.email as email5_7_,
        user0_.facebook_url as facebook6_7_,
        user0_.first_name as first_na7_7_,
        user0_.gender as gender8_7_,
        user0_.height as height9_7_,
        user0_.hips as hips10_7_,
        user0_.joined_at as joined_11_7_,
        user0_.last_login_at as last_lo12_7_,
        user0_.last_name as last_na13_7_,
        user0_.nationality_id as nationa24_7_,
        user0_.password as passwor14_7_,
        user0_.phone as phone15_7_,
        user0_.rented_counter as rented_16_7_,
        user0_.status as status17_7_,
        user0_.username as usernam18_7_,
        user0_.view_counter as view_co19_7_,
        user0_.waist as waist20_7_,
        user0_.weight as weight21_7_,
        user0_.year_of_birth as year_of22_7_ 
    from
        user user0_ 
    where
        user0_.username=?
2021-11-30 14:32:45.658 TRACE 11076 --- [http-nio-8080-exec-7] o.h.type.descriptor.sql.BasicBinder      : binding parameter [1] as [VARCHAR] - [admin]
2021-11-30 14:32:45.661 DEBUG 11076 --- [http-nio-8080-exec-2] org.hibernate.SQL                        : 
    select
        user0_.id as id1_7_,
        user0_.avatar as avatar2_7_,
        user0_.bust as bust3_7_,
        user0_.city_id as city_id23_7_,
        user0_.description as descript4_7_,
        user0_.email as email5_7_,
        user0_.facebook_url as facebook6_7_,
        user0_.first_name as first_na7_7_,
        user0_.gender as gender8_7_,
        user0_.height as height9_7_,
        user0_.hips as hips10_7_,
        user0_.joined_at as joined_11_7_,
        user0_.last_login_at as last_lo12_7_,
        user0_.last_name as last_na13_7_,
        user0_.nationality_id as nationa24_7_,
        user0_.password as passwor14_7_,
        user0_.phone as phone15_7_,
        user0_.rented_counter as rented_16_7_,
        user0_.status as status17_7_,
        user0_.username as usernam18_7_,
        user0_.view_counter as view_co19_7_,
        user0_.waist as waist20_7_,
        user0_.weight as weight21_7_,
        user0_.year_of_birth as year_of22_7_ 
    from
        user user0_ 
    where
        user0_.username=?
2021-11-30 14:32:45.661 DEBUG 11076 --- [http-nio-8080-exec-9] org.hibernate.SQL                        : 
    select
        user0_.id as id1_7_,
        user0_.avatar as avatar2_7_,
        user0_.bust as bust3_7_,
        user0_.city_id as city_id23_7_,
        user0_.description as descript4_7_,
        user0_.email as email5_7_,
        user0_.facebook_url as facebook6_7_,
        user0_.first_name as first_na7_7_,
        user0_.gender as gender8_7_,
        user0_.height as height9_7_,
        user0_.hips as hips10_7_,
        user0_.joined_at as joined_11_7_,
        user0_.last_login_at as last_lo12_7_,
        user0_.last_name as last_na13_7_,
        user0_.nationality_id as nationa24_7_,
        user0_.password as passwor14_7_,
        user0_.phone as phone15_7_,
        user0_.rented_counter as rented_16_7_,
        user0_.status as status17_7_,
        user0_.username as usernam18_7_,
        user0_.view_counter as view_co19_7_,
        user0_.waist as waist20_7_,
        user0_.weight as weight21_7_,
        user0_.year_of_birth as year_of22_7_ 
    from
        user user0_ 
    where
        user0_.username=?
2021-11-30 14:32:45.661 DEBUG 11076 --- [http-nio-8080-exec-7] org.hibernate.SQL                        : 
    select
        roles0_.user_id as user_id1_8_0_,
        roles0_.role_id as role_id2_8_0_,
        role1_.id as id1_5_1_,
        role1_.name as name2_5_1_ 
    from
        user_role roles0_ 
    inner join
        role role1_ 
            on roles0_.role_id=role1_.id 
    where
        roles0_.user_id=?
2021-11-30 14:32:45.662 TRACE 11076 --- [http-nio-8080-exec-7] o.h.type.descriptor.sql.BasicBinder      : binding parameter [1] as [BIGINT] - [1]
2021-11-30 14:32:45.662 TRACE 11076 --- [http-nio-8080-exec-2] o.h.type.descriptor.sql.BasicBinder      : binding parameter [1] as [VARCHAR] - [admin]
2021-11-30 14:32:45.662 TRACE 11076 --- [http-nio-8080-exec-9] o.h.type.descriptor.sql.BasicBinder      : binding parameter [1] as [VARCHAR] - [admin]
2021-11-30 14:32:45.676 DEBUG 11076 --- [http-nio-8080-exec-2] org.hibernate.SQL                        : 
    select
        roles0_.user_id as user_id1_8_0_,
        roles0_.role_id as role_id2_8_0_,
        role1_.id as id1_5_1_,
        role1_.name as name2_5_1_ 
    from
        user_role roles0_ 
    inner join
        role role1_ 
            on roles0_.role_id=role1_.id 
    where
        roles0_.user_id=?
2021-11-30 14:32:45.676 DEBUG 11076 --- [http-nio-8080-exec-9] org.hibernate.SQL                        : 
    select
        roles0_.user_id as user_id1_8_0_,
        roles0_.role_id as role_id2_8_0_,
        role1_.id as id1_5_1_,
        role1_.name as name2_5_1_ 
    from
        user_role roles0_ 
    inner join
        role role1_ 
            on roles0_.role_id=role1_.id 
    where
        roles0_.user_id=?
2021-11-30 14:32:45.676 TRACE 11076 --- [http-nio-8080-exec-2] o.h.type.descriptor.sql.BasicBinder      : binding parameter [1] as [BIGINT] - [1]
2021-11-30 14:32:45.676 TRACE 11076 --- [http-nio-8080-exec-9] o.h.type.descriptor.sql.BasicBinder      : binding parameter [1] as [BIGINT] - [1]
2021-11-30 14:32:45.860 DEBUG 11076 --- [http-nio-8080-exec-2] org.hibernate.SQL                        : 
    select
        user0_.id as id1_7_,
        user0_.avatar as avatar2_7_,
        user0_.bust as bust3_7_,
        user0_.city_id as city_id23_7_,
        user0_.description as descript4_7_,
        user0_.email as email5_7_,
        user0_.facebook_url as facebook6_7_,
        user0_.first_name as first_na7_7_,
        user0_.gender as gender8_7_,
        user0_.height as height9_7_,
        user0_.hips as hips10_7_,
        user0_.joined_at as joined_11_7_,
        user0_.last_login_at as last_lo12_7_,
        user0_.last_name as last_na13_7_,
        user0_.nationality_id as nationa24_7_,
        user0_.password as passwor14_7_,
        user0_.phone as phone15_7_,
        user0_.rented_counter as rented_16_7_,
        user0_.status as status17_7_,
        user0_.username as usernam18_7_,
        user0_.view_counter as view_co19_7_,
        user0_.waist as waist20_7_,
        user0_.weight as weight21_7_,
        user0_.year_of_birth as year_of22_7_ 
    from
        user user0_ 
    where
        user0_.username=?
2021-11-30 14:32:45.860 DEBUG 11076 --- [http-nio-8080-exec-9] org.hibernate.SQL                        : 
    select
        user0_.id as id1_7_,
        user0_.avatar as avatar2_7_,
        user0_.bust as bust3_7_,
        user0_.city_id as city_id23_7_,
        user0_.description as descript4_7_,
        user0_.email as email5_7_,
        user0_.facebook_url as facebook6_7_,
        user0_.first_name as first_na7_7_,
        user0_.gender as gender8_7_,
        user0_.height as height9_7_,
        user0_.hips as hips10_7_,
        user0_.joined_at as joined_11_7_,
        user0_.last_login_at as last_lo12_7_,
        user0_.last_name as last_na13_7_,
        user0_.nationality_id as nationa24_7_,
        user0_.password as passwor14_7_,
        user0_.phone as phone15_7_,
        user0_.rented_counter as rented_16_7_,
        user0_.status as status17_7_,
        user0_.username as usernam18_7_,
        user0_.view_counter as view_co19_7_,
        user0_.waist as waist20_7_,
        user0_.weight as weight21_7_,
        user0_.year_of_birth as year_of22_7_ 
    from
        user user0_ 
    where
        user0_.username=?
2021-11-30 14:32:45.861 TRACE 11076 --- [http-nio-8080-exec-9] o.h.type.descriptor.sql.BasicBinder      : binding parameter [1] as [VARCHAR] - [admin]
2021-11-30 14:32:45.861 TRACE 11076 --- [http-nio-8080-exec-2] o.h.type.descriptor.sql.BasicBinder      : binding parameter [1] as [VARCHAR] - [admin]
2021-11-30 14:32:46.110  INFO 11076 --- [SpringApplicationShutdownHook] j.LocalContainerEntityManagerFactoryBean : Closing JPA EntityManagerFactory for persistence unit 'default'
2021-11-30 14:32:46.114  INFO 11076 --- [SpringApplicationShutdownHook] com.zaxxer.hikari.HikariDataSource       : HikariPool-1 - Shutdown initiated...
2021-11-30 14:32:46.119  INFO 11076 --- [SpringApplicationShutdownHook] com.zaxxer.hikari.HikariDataSource       : HikariPool-1 - Shutdown completed.
